[2026-02-06 14:46:28] INFO: ----------- Loading Dataset -----------
[2026-02-06 14:46:30] INFO: Computing Normalization
[2026-02-06 14:46:47] INFO: Class Name Order Data Loading (Class Weight): ['left_cut_in' 'no_hazard' 'object_coming_out' 'object_crossing'
 'object_emerging' 'object_hazard_light_on' 'object_meeting'
 'object_pulling_up' 'object_reversing' 'object_stopping' 'object_turning'
 'pedestrian_near_parked_vehicles' 'red_crossing_traffic_light'
 'right_cut_in' 'road_works']
[2026-02-06 14:46:47] INFO: Indice Example (Class Weight): [3 3 3 3 3 3 3 3 3 3]
[2026-02-06 14:46:47] INFO: Class Name Order (Data Loading ): ['left_cut_in' 'no_hazard' 'object_coming_out' 'object_crossing'
 'object_emerging' 'object_hazard_light_on' 'object_meeting'
 'object_pulling_up' 'object_reversing' 'object_stopping' 'object_turning'
 'pedestrian_near_parked_vehicles' 'red_crossing_traffic_light'
 'right_cut_in' 'road_works']
[2026-02-06 14:46:47] INFO: Encoded Example (Data Loading ): 0
[2026-02-06 14:46:47] INFO: cfg.loss.class_weights tensor([1.0518, 0.3961, 2.3720, 1.4440, 1.2145, 0.8260, 1.9199, 1.6666, 1.9887,
        0.9238, 0.6677, 1.0338, 1.2653, 0.6662, 1.0943])
[2026-02-06 14:46:47] INFO: cfg.data.sampler <torch.utils.data.sampler.WeightedRandomSampler object at 0x000002BFFF67CA00>
[2026-02-06 14:46:47] INFO: Train batches: 1587
[2026-02-06 14:46:47] INFO: 
----------- Train Statistics -----------
[2026-02-06 14:46:47] INFO: Train videos total samples: 928
[2026-02-06 14:46:47] INFO: Train videos samples per class:

[2026-02-06 14:46:47] INFO: object_crossing                  :       54   5.82%
[2026-02-06 14:46:47] INFO: red_crossing_traffic_light       :       35   3.77%
[2026-02-06 14:46:47] INFO: object_emerging                  :       72   7.76%
[2026-02-06 14:46:47] INFO: object_meeting                   :       44   4.74%
[2026-02-06 14:46:47] INFO: right_cut_in                     :       91   9.81%
[2026-02-06 14:46:47] INFO: left_cut_in                      :       49   5.28%
[2026-02-06 14:46:47] INFO: object_turning                   :       65   7.00%
[2026-02-06 14:46:47] INFO: object_stopping                  :       57   6.14%
[2026-02-06 14:46:47] INFO: object_reversing                 :       20   2.16%
[2026-02-06 14:46:47] INFO: object_hazard_light_on           :       51   5.50%
[2026-02-06 14:46:47] INFO: pedestrian_near_parked_vehicles  :       58   6.25%
[2026-02-06 14:46:47] INFO: object_coming_out                :       21   2.26%
[2026-02-06 14:46:47] INFO: object_pulling_up                :       31   3.34%
[2026-02-06 14:46:47] INFO: road_works                       :       30   3.23%
[2026-02-06 14:46:47] INFO: no_hazard                        :      250   26.94%
[2026-02-06 14:46:47] INFO: Train sequences total samples: 50772
[2026-02-06 14:46:47] INFO: Train sequence per class:

[2026-02-06 14:46:47] INFO: object_crossing                  :     2344   4.62%
[2026-02-06 14:46:47] INFO: red_crossing_traffic_light       :     2675   5.27%
[2026-02-06 14:46:47] INFO: object_emerging                  :     2787   5.49%
[2026-02-06 14:46:47] INFO: object_meeting                   :     1763   3.47%
[2026-02-06 14:46:47] INFO: right_cut_in                     :     5081   10.01%
[2026-02-06 14:46:47] INFO: left_cut_in                      :     3218   6.34%
[2026-02-06 14:46:47] INFO: object_turning                   :     5069   9.98%
[2026-02-06 14:46:47] INFO: object_stopping                  :     3664   7.22%
[2026-02-06 14:46:47] INFO: object_reversing                 :     1702   3.35%
[2026-02-06 14:46:47] INFO: object_hazard_light_on           :     4098   8.07%
[2026-02-06 14:46:47] INFO: pedestrian_near_parked_vehicles  :     3274   6.45%
[2026-02-06 14:46:47] INFO: object_coming_out                :     1427   2.81%
[2026-02-06 14:46:47] INFO: object_pulling_up                :     2031   4.00%
[2026-02-06 14:46:47] INFO: road_works                       :     3093   6.09%
[2026-02-06 14:46:47] INFO: no_hazard                        :     8546   16.83%
[2026-02-06 14:46:49] INFO: Loading Normalization
[2026-02-06 14:46:53] INFO: Test batches: 385
[2026-02-06 14:46:53] INFO: 
----------- Test Statistics -----------
[2026-02-06 14:46:53] INFO: Test videos total samples: 226
[2026-02-06 14:46:53] INFO: Test videos samples per class:

[2026-02-06 14:46:53] INFO: object_crossing                  :       14     6.19%
[2026-02-06 14:46:53] INFO: red_crossing_traffic_light       :        9     3.98%
[2026-02-06 14:46:53] INFO: object_emerging                  :       18     7.96%
[2026-02-06 14:46:53] INFO: object_meeting                   :       12     5.31%
[2026-02-06 14:46:53] INFO: right_cut_in                     :       23    10.18%
[2026-02-06 14:46:53] INFO: left_cut_in                      :       13     5.75%
[2026-02-06 14:46:53] INFO: object_turning                   :       17     7.52%
[2026-02-06 14:46:53] INFO: object_stopping                  :       15     6.64%
[2026-02-06 14:46:53] INFO: object_reversing                 :        5     2.21%
[2026-02-06 14:46:53] INFO: object_hazard_light_on           :       13     5.75%
[2026-02-06 14:46:53] INFO: pedestrian_near_parked_vehicles  :       15     6.64%
[2026-02-06 14:46:53] INFO: object_coming_out                :        6     2.65%
[2026-02-06 14:46:53] INFO: object_pulling_up                :        8     3.54%
[2026-02-06 14:46:53] INFO: road_works                       :        8     3.54%
[2026-02-06 14:46:53] INFO: no_hazard                        :       50    22.12%
[2026-02-06 14:46:53] INFO: Test sequences total samples: 12301
[2026-02-06 14:46:53] INFO: Test sequence per class:

[2026-02-06 14:46:53] INFO: object_crossing                  :      527   4.28%
[2026-02-06 14:46:53] INFO: red_crossing_traffic_light       :      705   5.73%
[2026-02-06 14:46:53] INFO: object_emerging                  :      619   5.03%
[2026-02-06 14:46:53] INFO: object_meeting                   :      419   3.41%
[2026-02-06 14:46:53] INFO: right_cut_in                     :     1545   12.56%
[2026-02-06 14:46:53] INFO: left_cut_in                      :      852   6.93%
[2026-02-06 14:46:53] INFO: object_stopping                  :      533   4.33%
[2026-02-06 14:46:53] INFO: object_reversing                 :      325   2.64%
[2026-02-06 14:46:53] INFO: pedestrian_near_parked_vehicles  :      599   4.87%
[2026-02-06 14:46:53] INFO: object_hazard_light_on           :     1199   9.75%
[2026-02-06 14:46:53] INFO: object_turning                   :     1529   12.43%
[2026-02-06 14:46:53] INFO: road_works                       :      727   5.91%
[2026-02-06 14:46:53] INFO: object_coming_out                :      384   3.12%
[2026-02-06 14:46:53] INFO: object_pulling_up                :      554   4.50%
[2026-02-06 14:46:53] INFO: no_hazard                        :     1784   14.50%
[2026-02-06 14:46:53] INFO: Dataset initialization completed successfully
[2026-02-06 14:47:00] INFO: ----------- Getting Loss Function -----------
[2026-02-06 14:47:00] INFO: Loss Function: FocalLoss
[2026-02-06 14:47:00] INFO: Class weights: tensor([1.0518, 0.3961, 2.3720, 1.4440, 1.2145, 0.8260, 1.9199, 1.6666, 1.9887,
        0.9238, 0.6677, 1.0338, 1.2653, 0.6662, 1.0943], device='cuda:0')
[2026-02-06 17:44:29] INFO: ---- Average execution times ----
[2026-02-06 17:44:29] INFO: create_temporal_sequences: 9.8262 s over 2 calls
[2026-02-06 17:44:29] INFO: __init__: 12.6409 s over 2 calls
[2026-02-06 17:44:29] INFO: RoadHazardDataset: 12.6409 s over 2 calls
[2026-02-06 17:44:29] INFO: create_or_load_dataset: 25.3881 s over 1 calls
[2026-02-06 17:44:29] INFO: build_img_tensor: 0.1505 s over 63105 calls
[2026-02-06 17:44:29] INFO: __getitem__: 0.1515 s over 63105 calls
[2026-02-06 17:44:29] INFO: load_model: 6.6437 s over 1 calls
[2026-02-06 17:44:29] INFO: forward_pass: 0.0102 s over 1972 calls
[2026-02-06 17:44:29] INFO: run_epoch: 5322.8287 s over 2 calls
[2026-02-06 17:44:29] INFO: log_results: 0.0041 s over 2 calls
[2026-02-06 20:21:47] INFO: ---- Average execution times ----
[2026-02-06 20:21:47] INFO: create_temporal_sequences: 9.8262 s over 2 calls
[2026-02-06 20:21:47] INFO: __init__: 12.6409 s over 2 calls
[2026-02-06 20:21:47] INFO: RoadHazardDataset: 12.6409 s over 2 calls
[2026-02-06 20:21:47] INFO: create_or_load_dataset: 25.3881 s over 1 calls
[2026-02-06 20:21:47] INFO: build_img_tensor: 0.1414 s over 126178 calls
[2026-02-06 20:21:47] INFO: __getitem__: 0.1422 s over 126178 calls
[2026-02-06 20:21:47] INFO: load_model: 6.6437 s over 1 calls
[2026-02-06 20:21:47] INFO: forward_pass: 0.0093 s over 3944 calls
[2026-02-06 20:21:47] INFO: run_epoch: 5020.7592 s over 4 calls
[2026-02-06 20:21:47] INFO: log_results: 0.0033 s over 4 calls
[2026-02-06 22:47:10] INFO: ---- Average execution times ----
[2026-02-06 22:47:10] INFO: create_temporal_sequences: 9.8262 s over 2 calls
[2026-02-06 22:47:10] INFO: __init__: 12.6409 s over 2 calls
[2026-02-06 22:47:10] INFO: RoadHazardDataset: 12.6409 s over 2 calls
[2026-02-06 22:47:10] INFO: create_or_load_dataset: 25.3881 s over 1 calls
[2026-02-06 22:47:10] INFO: build_img_tensor: 0.1347 s over 189251 calls
[2026-02-06 22:47:10] INFO: __getitem__: 0.1355 s over 189251 calls
[2026-02-06 22:47:10] INFO: load_model: 6.6437 s over 1 calls
[2026-02-06 22:47:10] INFO: forward_pass: 0.0088 s over 5916 calls
[2026-02-06 22:47:10] INFO: run_epoch: 4800.9661 s over 6 calls
[2026-02-06 22:47:10] INFO: log_results: 0.0028 s over 6 calls
[2026-02-07 01:19:40] INFO: ---- Average execution times ----
[2026-02-07 01:19:40] INFO: create_temporal_sequences: 9.8262 s over 2 calls
[2026-02-07 01:19:40] INFO: __init__: 12.6409 s over 2 calls
[2026-02-07 01:19:40] INFO: RoadHazardDataset: 12.6409 s over 2 calls
[2026-02-07 01:19:40] INFO: create_or_load_dataset: 25.3881 s over 1 calls
[2026-02-07 01:19:40] INFO: build_img_tensor: 0.1329 s over 252324 calls
[2026-02-07 01:19:40] INFO: __getitem__: 0.1337 s over 252324 calls
[2026-02-07 01:19:40] INFO: load_model: 6.6437 s over 1 calls
[2026-02-07 01:19:40] INFO: forward_pass: 0.0087 s over 7888 calls
[2026-02-07 01:19:40] INFO: run_epoch: 4744.4509 s over 8 calls
[2026-02-07 01:19:40] INFO: log_results: 0.0027 s over 8 calls
[2026-02-07 03:55:17] INFO: ---- Average execution times ----
[2026-02-07 03:55:17] INFO: create_temporal_sequences: 9.8262 s over 2 calls
[2026-02-07 03:55:17] INFO: __init__: 12.6409 s over 2 calls
[2026-02-07 03:55:17] INFO: RoadHazardDataset: 12.6409 s over 2 calls
[2026-02-07 03:55:17] INFO: create_or_load_dataset: 25.3881 s over 1 calls
[2026-02-07 03:55:17] INFO: build_img_tensor: 0.1325 s over 315397 calls
[2026-02-07 03:55:17] INFO: __getitem__: 0.1332 s over 315397 calls
[2026-02-07 03:55:17] INFO: load_model: 6.6437 s over 1 calls
[2026-02-07 03:55:17] INFO: forward_pass: 0.0086 s over 9860 calls
[2026-02-07 03:55:17] INFO: run_epoch: 4729.2226 s over 10 calls
[2026-02-07 03:55:17] INFO: log_results: 0.0025 s over 10 calls
[2026-02-07 06:29:47] INFO: ---- Average execution times ----
[2026-02-07 06:29:47] INFO: create_temporal_sequences: 9.8262 s over 2 calls
[2026-02-07 06:29:47] INFO: __init__: 12.6409 s over 2 calls
[2026-02-07 06:29:47] INFO: RoadHazardDataset: 12.6409 s over 2 calls
[2026-02-07 06:29:47] INFO: create_or_load_dataset: 25.3881 s over 1 calls
[2026-02-07 06:29:47] INFO: build_img_tensor: 0.1320 s over 378470 calls
[2026-02-07 06:29:47] INFO: __getitem__: 0.1328 s over 378470 calls
[2026-02-07 06:29:47] INFO: load_model: 6.6437 s over 1 calls
[2026-02-07 06:29:47] INFO: forward_pass: 0.0085 s over 11832 calls
[2026-02-07 06:29:47] INFO: run_epoch: 4713.4136 s over 12 calls
[2026-02-07 06:29:47] INFO: log_results: 0.0030 s over 12 calls
[2026-02-07 09:11:43] INFO: ---- Average execution times ----
[2026-02-07 09:11:43] INFO: create_temporal_sequences: 9.8262 s over 2 calls
[2026-02-07 09:11:43] INFO: __init__: 12.6409 s over 2 calls
[2026-02-07 09:11:43] INFO: RoadHazardDataset: 12.6409 s over 2 calls
[2026-02-07 09:11:43] INFO: create_or_load_dataset: 25.3881 s over 1 calls
[2026-02-07 09:11:43] INFO: build_img_tensor: 0.1325 s over 441543 calls
[2026-02-07 09:11:43] INFO: __getitem__: 0.1333 s over 441543 calls
[2026-02-07 09:11:43] INFO: load_model: 6.6437 s over 1 calls
[2026-02-07 09:11:43] INFO: forward_pass: 0.0086 s over 13804 calls
[2026-02-07 09:11:43] INFO: run_epoch: 4734.0216 s over 14 calls
[2026-02-07 09:11:43] INFO: log_results: 0.0029 s over 14 calls
[2026-02-07 12:07:12] INFO: ---- Average execution times ----
[2026-02-07 12:07:12] INFO: create_temporal_sequences: 9.8262 s over 2 calls
[2026-02-07 12:07:12] INFO: __init__: 12.6409 s over 2 calls
[2026-02-07 12:07:12] INFO: RoadHazardDataset: 12.6409 s over 2 calls
[2026-02-07 12:07:12] INFO: create_or_load_dataset: 25.3881 s over 1 calls
[2026-02-07 12:07:12] INFO: build_img_tensor: 0.1346 s over 504616 calls
[2026-02-07 12:07:12] INFO: __getitem__: 0.1353 s over 504616 calls
[2026-02-07 12:07:12] INFO: load_model: 6.6437 s over 1 calls
[2026-02-07 12:07:12] INFO: forward_pass: 0.0087 s over 15776 calls
[2026-02-07 12:07:12] INFO: run_epoch: 4800.2797 s over 16 calls
[2026-02-07 12:07:12] INFO: log_results: 0.0028 s over 16 calls
[2026-02-07 15:03:33] INFO: ---- Average execution times ----
[2026-02-07 15:03:33] INFO: create_temporal_sequences: 9.8262 s over 2 calls
[2026-02-07 15:03:33] INFO: __init__: 12.6409 s over 2 calls
[2026-02-07 15:03:33] INFO: RoadHazardDataset: 12.6409 s over 2 calls
[2026-02-07 15:03:33] INFO: create_or_load_dataset: 25.3881 s over 1 calls
[2026-02-07 15:03:33] INFO: build_img_tensor: 0.1363 s over 567689 calls
[2026-02-07 15:03:33] INFO: __getitem__: 0.1370 s over 567689 calls
[2026-02-07 15:03:33] INFO: load_model: 6.6437 s over 1 calls
[2026-02-07 15:03:33] INFO: forward_pass: 0.0088 s over 17748 calls
[2026-02-07 15:03:33] INFO: run_epoch: 4854.7155 s over 18 calls
[2026-02-07 15:03:33] INFO: log_results: 0.0027 s over 18 calls
